#
# There is insufficient memory for the Java Runtime Environment to continue.
# Native memory allocation (malloc) failed to allocate 191872 bytes for Chunk::new
# Possible reasons:
#   The system is out of physical RAM or swap space
#   The process is running with CompressedOops enabled, and the Java Heap may be blocking the growth of the native heap
# Possible solutions:
#   Reduce memory load on the system
#   Increase physical memory or swap space
#   Check if swap backing store is full
#   Decrease Java heap size (-Xmx/-Xms)
#   Decrease number of Java threads
#   Decrease Java thread stack sizes (-Xss)
#   Set larger code cache with -XX:ReservedCodeCacheSize=
#   JVM is running with Unscaled Compressed Oops mode in which the Java heap is
#     placed in the first 4GB address space. The Java Heap base address is the
#     maximum limit for the native heap growth. Please use -XX:HeapBaseMinAddress
#     to set the Java Heap base and to place the Java Heap above 4GB virtual address.
# This output file may be truncated or incomplete.
#
#  Out of Memory Error (allocation.cpp:389), pid=12352, tid=0x0000000000001348
#
# JRE version: Java(TM) SE Runtime Environment (8.0_221-b11) (build 1.8.0_221-b11)
# Java VM: Java HotSpot(TM) 64-Bit Server VM (25.221-b11 mixed mode windows-amd64 compressed oops)
# Failed to write core dump. Minidumps are not enabled by default on client versions of Windows
#

---------------  T H R E A D  ---------------

Current thread (0x0000000017ae6800):  JavaThread "C2 CompilerThread0" daemon [_thread_in_native, id=4936, stack(0x0000000019160000,0x0000000019260000)]

Stack: [0x0000000019160000,0x0000000019260000]
[error occurred during error reporting (printing stack bounds), id 0xc0000005]

Native frames: (J=compiled Java code, j=interpreted, Vv=VM code, C=native code)


Current CompileTask:
C2:   8061 4055       4       org.springframework.core.annotation.AnnotationUtils::postProcessAnnotationAttributes (163 bytes)


---------------  P R O C E S S  ---------------

Java Threads: ( => current thread )
  0x000000001ad71800 JavaThread "mysql-cj-abandoned-connection-cleanup" daemon [_thread_blocked, id=5608, stack(0x0000000020280000,0x0000000020380000)]
  0x000000001ae3e800 JavaThread "container-0" [_thread_blocked, id=6544, stack(0x0000000020180000,0x0000000020280000)]
  0x0000000019575000 JavaThread "Catalina-utility-2" [_thread_blocked, id=11492, stack(0x0000000020080000,0x0000000020180000)]
  0x000000001c3fe000 JavaThread "Catalina-utility-1" [_thread_blocked, id=10336, stack(0x000000001ff80000,0x0000000020080000)]
  0x000000001948b000 JavaThread "Service Thread" daemon [_thread_blocked, id=14256, stack(0x0000000019860000,0x0000000019960000)]
  0x0000000017af7000 JavaThread "C1 CompilerThread2" daemon [_thread_blocked, id=10812, stack(0x0000000019360000,0x0000000019460000)]
  0x0000000017aea800 JavaThread "C2 CompilerThread1" daemon [_thread_in_native, id=3548, stack(0x0000000019260000,0x0000000019360000)]
=>0x0000000017ae6800 JavaThread "C2 CompilerThread0" daemon [_thread_in_native, id=4936, stack(0x0000000019160000,0x0000000019260000)]
  0x0000000017ae3000 JavaThread "Attach Listener" daemon [_thread_blocked, id=12212, stack(0x0000000019060000,0x0000000019160000)]
  0x0000000017ae1800 JavaThread "Signal Dispatcher" daemon [_thread_blocked, id=3316, stack(0x0000000018f60000,0x0000000019060000)]
  0x0000000002f8d800 JavaThread "Finalizer" daemon [_thread_blocked, id=9456, stack(0x0000000018d40000,0x0000000018e40000)]
  0x0000000002f85000 JavaThread "Reference Handler" daemon [_thread_blocked, id=10232, stack(0x0000000018c40000,0x0000000018d40000)]
  0x0000000002e96000 JavaThread "main" [_thread_in_native, id=3112, stack(0x0000000002d90000,0x0000000002e90000)]

Other Threads:
  0x0000000017aa8800 VMThread [stack: 0x0000000018b40000,0x0000000018c40000] [id=936]
  0x00000000194d8000 WatcherThread [stack: 0x0000000019960000,0x0000000019a60000] [id=2900]

VM state:not at safepoint (normal execution)

VM Mutex/Monitor currently owned by a thread: None

heap address: 0x0000000081800000, size: 2024 MB, Compressed Oops mode: 32-bit
Narrow klass base: 0x0000000000000000, Narrow klass shift: 3
Compressed class space size: 1073741824 Address: 0x0000000100000000

Heap:
 PSYoungGen      total 71680K, used 28934K [0x00000000d5d80000, 0x00000000da880000, 0x0000000100000000)
  eden space 66560K, 43% used [0x00000000d5d80000,0x00000000d79c1a08,0x00000000d9e80000)
  from space 5120K, 0% used [0x00000000da380000,0x00000000da380000,0x00000000da880000)
  to   space 5120K, 0% used [0x00000000d9e80000,0x00000000d9e80000,0x00000000da380000)
 ParOldGen       total 50176K, used 18707K [0x0000000081800000, 0x0000000084900000, 0x00000000d5d80000)
  object space 50176K, 37% used [0x0000000081800000,0x0000000082a44d48,0x0000000084900000)
 Metaspace       used 35347K, capacity 37040K, committed 37288K, reserved 1081344K
  class space    used 4579K, capacity 4919K, committed 5032K, reserved 1048576K

Card table byte_map: [0x0000000012350000,0x0000000012750000] byte_map_base: 0x0000000011f44000

Marking Bits: (ParMarkBitMap*) 0x0000000065195ce0
 Begin Bits: [0x0000000012e00000, 0x0000000014da0000)
 End Bits:   [0x0000000014da0000, 0x0000000016d40000)

Polling page: 0x0000000000ed0000

CodeCache: size=245760Kb used=13602Kb max_used=13806Kb free=232157Kb
 bounds [0x0000000002f90000, 0x0000000003d20000, 0x0000000011f90000]
 total_blobs=4130 nmethods=3716 adapters=325
 compilation: enabled

Compilation events (10 events):
Event: 7.985 Thread 0x0000000017af7000 nmethod 4083 0x00000000031a39d0 code [0x00000000031a3b40, 0x00000000031a3ca8]
Event: 7.985 Thread 0x0000000017af7000 4085       3       org.springframework.cglib.reflect.FastClassEmitter$GetIndexCallback::processCase (31 bytes)
Event: 7.986 Thread 0x0000000017af7000 nmethod 4085 0x0000000003cff690 code [0x0000000003cff860, 0x0000000003cfffe8]
Event: 7.986 Thread 0x0000000017af7000 4088       3       org.springframework.core.MethodParameter::getNestedParameterType (122 bytes)
Event: 7.987 Thread 0x0000000017af7000 nmethod 4088 0x0000000003285ed0 code [0x0000000003286160, 0x0000000003287568]
Event: 7.989 Thread 0x0000000017af7000 4089       1       org.springframework.cglib.core.AbstractClassGenerator::getUseCache (5 bytes)
Event: 7.989 Thread 0x0000000017af7000 nmethod 4089 0x0000000003cff3d0 code [0x0000000003cff520, 0x0000000003cff630]
Event: 7.989 Thread 0x0000000017af7000 4090       1       org.springframework.cglib.core.AbstractClassGenerator::access$100 (5 bytes)
Event: 7.989 Thread 0x0000000017af7000 nmethod 4090 0x000000000342d3d0 code [0x000000000342d520, 0x000000000342d610]
Event: 8.058 Thread 0x0000000017af7000 4091   !   3       java.util.concurrent.CopyOnWriteArrayList::add (59 bytes)

GC Heap History (10 events):
Event: 3.429 GC heap before
{Heap before GC invocations=6 (full 1):
 PSYoungGen      total 71680K, used 66514K [0x00000000d5d80000, 0x00000000da880000, 0x0000000100000000)
  eden space 66560K, 99% used [0x00000000d5d80000,0x00000000d9e74b40,0x00000000d9e80000)
  from space 5120K, 0% used [0x00000000da380000,0x00000000da380000,0x00000000da880000)
  to   space 5120K, 0% used [0x00000000d9e80000,0x00000000d9e80000,0x00000000da380000)
 ParOldGen       total 50176K, used 5258K [0x0000000081800000, 0x0000000084900000, 0x00000000d5d80000)
  object space 50176K, 10% used [0x0000000081800000,0x0000000081d22920,0x0000000084900000)
 Metaspace       used 23151K, capacity 23886K, committed 24240K, reserved 1071104K
  class space    used 2988K, capacity 3192K, committed 3248K, reserved 1048576K
Event: 3.439 GC heap after
Heap after GC invocations=6 (full 1):
 PSYoungGen      total 71680K, used 4156K [0x00000000d5d80000, 0x00000000da880000, 0x0000000100000000)
  eden space 66560K, 0% used [0x00000000d5d80000,0x00000000d5d80000,0x00000000d9e80000)
  from space 5120K, 81% used [0x00000000d9e80000,0x00000000da28f0f8,0x00000000da380000)
  to   space 5120K, 0% used [0x00000000da380000,0x00000000da380000,0x00000000da880000)
 ParOldGen       total 50176K, used 5266K [0x0000000081800000, 0x0000000084900000, 0x00000000d5d80000)
  object space 50176K, 10% used [0x0000000081800000,0x0000000081d24920,0x0000000084900000)
 Metaspace       used 23151K, capacity 23886K, committed 24240K, reserved 1071104K
  class space    used 2988K, capacity 3192K, committed 3248K, reserved 1048576K
}
Event: 4.737 GC heap before
{Heap before GC invocations=7 (full 1):
 PSYoungGen      total 71680K, used 70716K [0x00000000d5d80000, 0x00000000da880000, 0x0000000100000000)
  eden space 66560K, 100% used [0x00000000d5d80000,0x00000000d9e80000,0x00000000d9e80000)
  from space 5120K, 81% used [0x00000000d9e80000,0x00000000da28f0f8,0x00000000da380000)
  to   space 5120K, 0% used [0x00000000da380000,0x00000000da380000,0x00000000da880000)
 ParOldGen       total 50176K, used 5266K [0x0000000081800000, 0x0000000084900000, 0x00000000d5d80000)
  object space 50176K, 10% used [0x0000000081800000,0x0000000081d24920,0x0000000084900000)
 Metaspace       used 26684K, capacity 27714K, committed 27824K, reserved 1073152K
  class space    used 3483K, capacity 3710K, committed 3760K, reserved 1048576K
Event: 4.754 GC heap after
Heap after GC invocations=7 (full 1):
 PSYoungGen      total 71680K, used 5105K [0x00000000d5d80000, 0x00000000da880000, 0x0000000100000000)
  eden space 66560K, 0% used [0x00000000d5d80000,0x00000000d5d80000,0x00000000d9e80000)
  from space 5120K, 99% used [0x00000000da380000,0x00000000da87c580,0x00000000da880000)
  to   space 5120K, 0% used [0x00000000d9e80000,0x00000000d9e80000,0x00000000da380000)
 ParOldGen       total 50176K, used 8907K [0x0000000081800000, 0x0000000084900000, 0x00000000d5d80000)
  object space 50176K, 17% used [0x0000000081800000,0x00000000820b2da0,0x0000000084900000)
 Metaspace       used 26684K, capacity 27714K, committed 27824K, reserved 1073152K
  class space    used 3483K, capacity 3710K, committed 3760K, reserved 1048576K
}
Event: 6.889 GC heap before
{Heap before GC invocations=8 (full 1):
 PSYoungGen      total 71680K, used 71665K [0x00000000d5d80000, 0x00000000da880000, 0x0000000100000000)
  eden space 66560K, 100% used [0x00000000d5d80000,0x00000000d9e80000,0x00000000d9e80000)
  from space 5120K, 99% used [0x00000000da380000,0x00000000da87c580,0x00000000da880000)
  to   space 5120K, 0% used [0x00000000d9e80000,0x00000000d9e80000,0x00000000da380000)
 ParOldGen       total 50176K, used 8907K [0x0000000081800000, 0x0000000084900000, 0x00000000d5d80000)
  object space 50176K, 17% used [0x0000000081800000,0x00000000820b2da0,0x0000000084900000)
 Metaspace       used 32713K, capacity 34296K, committed 34608K, reserved 1079296K
  class space    used 4261K, capacity 4585K, committed 4656K, reserved 1048576K
Event: 6.911 GC heap after
Heap after GC invocations=8 (full 1):
 PSYoungGen      total 71680K, used 5104K [0x00000000d5d80000, 0x00000000da880000, 0x0000000100000000)
  eden space 66560K, 0% used [0x00000000d5d80000,0x00000000d5d80000,0x00000000d9e80000)
  from space 5120K, 99% used [0x00000000d9e80000,0x00000000da37c030,0x00000000da380000)
  to   space 5120K, 0% used [0x00000000da380000,0x00000000da380000,0x00000000da880000)
 ParOldGen       total 50176K, used 16779K [0x0000000081800000, 0x0000000084900000, 0x00000000d5d80000)
  object space 50176K, 33% used [0x0000000081800000,0x0000000082862d08,0x0000000084900000)
 Metaspace       used 32713K, capacity 34296K, committed 34608K, reserved 1079296K
  class space    used 4261K, capacity 4585K, committed 4656K, reserved 1048576K
}
Event: 7.255 GC heap before
{Heap before GC invocations=9 (full 1):
 PSYoungGen      total 71680K, used 50604K [0x00000000d5d80000, 0x00000000da880000, 0x0000000100000000)
  eden space 66560K, 68% used [0x00000000d5d80000,0x00000000d89ef158,0x00000000d9e80000)
  from space 5120K, 99% used [0x00000000d9e80000,0x00000000da37c030,0x00000000da380000)
  to   space 5120K, 0% used [0x00000000da380000,0x00000000da380000,0x00000000da880000)
 ParOldGen       total 50176K, used 16779K [0x0000000081800000, 0x0000000084900000, 0x00000000d5d80000)
  object space 50176K, 33% used [0x0000000081800000,0x0000000082862d08,0x0000000084900000)
 Metaspace       used 33805K, capacity 35354K, committed 35496K, reserved 1079296K
  class space    used 4384K, capacity 4682K, committed 4776K, reserved 1048576K
Event: 7.267 GC heap after
Heap after GC invocations=9 (full 1):
 PSYoungGen      total 71680K, used 5088K [0x00000000d5d80000, 0x00000000da880000, 0x0000000100000000)
  eden space 66560K, 0% used [0x00000000d5d80000,0x00000000d5d80000,0x00000000d9e80000)
  from space 5120K, 99% used [0x00000000da380000,0x00000000da878020,0x00000000da880000)
  to   space 5120K, 0% used [0x00000000d9e80000,0x00000000d9e80000,0x00000000da380000)
 ParOldGen       total 50176K, used 18348K [0x0000000081800000, 0x0000000084900000, 0x00000000d5d80000)
  object space 50176K, 36% used [0x0000000081800000,0x00000000829eb130,0x0000000084900000)
 Metaspace       used 33805K, capacity 35354K, committed 35496K, reserved 1079296K
  class space    used 4384K, capacity 4682K, committed 4776K, reserved 1048576K
}
Event: 7.267 GC heap before
{Heap before GC invocations=10 (full 2):
 PSYoungGen      total 71680K, used 5088K [0x00000000d5d80000, 0x00000000da880000, 0x0000000100000000)
  eden space 66560K, 0% used [0x00000000d5d80000,0x00000000d5d80000,0x00000000d9e80000)
  from space 5120K, 99% used [0x00000000da380000,0x00000000da878020,0x00000000da880000)
  to   space 5120K, 0% used [0x00000000d9e80000,0x00000000d9e80000,0x00000000da380000)
 ParOldGen       total 50176K, used 18348K [0x0000000081800000, 0x0000000084900000, 0x00000000d5d80000)
  object space 50176K, 36% used [0x0000000081800000,0x00000000829eb130,0x0000000084900000)
 Metaspace       used 33805K, capacity 35354K, committed 35496K, reserved 1079296K
  class space    used 4384K, capacity 4682K, committed 4776K, reserved 1048576K
Event: 7.412 GC heap after
Heap after GC invocations=10 (full 2):
 PSYoungGen      total 71680K, used 0K [0x00000000d5d80000, 0x00000000da880000, 0x0000000100000000)
  eden space 66560K, 0% used [0x00000000d5d80000,0x00000000d5d80000,0x00000000d9e80000)
  from space 5120K, 0% used [0x00000000da380000,0x00000000da380000,0x00000000da880000)
  to   space 5120K, 0% used [0x00000000d9e80000,0x00000000d9e80000,0x00000000da380000)
 ParOldGen       total 50176K, used 18707K [0x0000000081800000, 0x0000000084900000, 0x00000000d5d80000)
  object space 50176K, 37% used [0x0000000081800000,0x0000000082a44d48,0x0000000084900000)
 Metaspace       used 33805K, capacity 35354K, committed 35496K, reserved 1079296K
  class space    used 4384K, capacity 4682K, committed 4776K, reserved 1048576K
}

Deoptimization events (10 events):
Event: 7.690 Thread 0x0000000002e96000 Uncommon trap: reason=unstable_if action=reinterpret pc=0x0000000003115e14 method=java.util.Properties$LineReader.readLine()I @ 271
Event: 7.715 Thread 0x0000000002e96000 Uncommon trap: reason=class_check action=maybe_recompile pc=0x0000000003bbca54 method=java.util.AbstractList$Itr.hasNext()Z @ 8
Event: 7.825 Thread 0x0000000002e96000 Uncommon trap: reason=unstable_if action=reinterpret pc=0x0000000003b6c3c8 method=org.springframework.util.CollectionUtils.isEmpty(Ljava/util/Collection;)Z @ 10
Event: 7.839 Thread 0x0000000002e96000 Uncommon trap: reason=bimorphic action=maybe_recompile pc=0x000000000375afc4 method=java.util.Hashtable.get(Ljava/lang/Object;)Ljava/lang/Object; @ 6
Event: 7.839 Thread 0x0000000002e96000 Uncommon trap: reason=bimorphic action=maybe_recompile pc=0x000000000375afc4 method=java.util.Hashtable.get(Ljava/lang/Object;)Ljava/lang/Object; @ 6
Event: 7.885 Thread 0x0000000002e96000 Uncommon trap: reason=unstable_if action=reinterpret pc=0x000000000374cb7c method=org.springframework.util.ObjectUtils.nullSafeEquals(Ljava/lang/Object;Ljava/lang/Object;)Z @ 8
Event: 7.885 Thread 0x0000000002e96000 Uncommon trap: reason=unstable_if action=reinterpret pc=0x0000000003c60ecc method=org.springframework.boot.context.properties.source.ConfigurationPropertyName.equals(Ljava/lang/Object;)Z @ 8
Event: 7.895 Thread 0x000000001ad71800 Uncommon trap: reason=unstable_if action=reinterpret pc=0x00000000030de758 method=java.net.URLStreamHandler.parseURL(Ljava/net/URL;Ljava/lang/String;II)V @ 57
Event: 7.897 Thread 0x0000000002e96000 Uncommon trap: reason=unstable_if action=reinterpret pc=0x00000000031f32c8 method=java.lang.AbstractStringBuilder.append(Ljava/lang/String;)Ljava/lang/AbstractStringBuilder; @ 1
Event: 7.900 Thread 0x0000000002e96000 Uncommon trap: reason=class_check action=maybe_recompile pc=0x000000000376effc method=org.springframework.core.annotation.AnnotationUtils.hasPlainJavaAnnotationsOnly(Ljava/lang/Object;)Z @ 1

Classes redefined (0 events):
No events

Internal exceptions (10 events):
Event: 7.899 Thread 0x0000000002e96000 Implicit null exception at 0x00000000037c6f0d to 0x00000000037c747c
Event: 7.899 Thread 0x0000000002e96000 Exception <a 'java/lang/NullPointerException'> (0x00000000d722d100) thrown at [C:\re\workspace\8-2-build-windows-amd64-cygwin\jdk8u221\13320\hotspot\src\share\vm\runtime\sharedRuntime.cpp, line 605]
Event: 7.899 Thread 0x0000000002e96000 Implicit null exception at 0x00000000037c6f0d to 0x00000000037c747c
Event: 7.899 Thread 0x0000000002e96000 Exception <a 'java/lang/NullPointerException'> (0x00000000d722dec0) thrown at [C:\re\workspace\8-2-build-windows-amd64-cygwin\jdk8u221\13320\hotspot\src\share\vm\runtime\sharedRuntime.cpp, line 605]
Event: 7.899 Thread 0x0000000002e96000 Implicit null exception at 0x00000000037c6f0d to 0x00000000037c747c
Event: 7.899 Thread 0x0000000002e96000 Exception <a 'java/lang/NullPointerException'> (0x00000000d722ec70) thrown at [C:\re\workspace\8-2-build-windows-amd64-cygwin\jdk8u221\13320\hotspot\src\share\vm\runtime\sharedRuntime.cpp, line 605]
Event: 7.899 Thread 0x0000000002e96000 Implicit null exception at 0x00000000037c6f0d to 0x00000000037c747c
Event: 7.899 Thread 0x0000000002e96000 Exception <a 'java/lang/NullPointerException'> (0x00000000d722fa88) thrown at [C:\re\workspace\8-2-build-windows-amd64-cygwin\jdk8u221\13320\hotspot\src\share\vm\runtime\sharedRuntime.cpp, line 605]
Event: 7.899 Thread 0x0000000002e96000 Implicit null exception at 0x00000000037c6f0d to 0x00000000037c747c
Event: 7.899 Thread 0x0000000002e96000 Exception <a 'java/lang/NullPointerException'> (0x00000000d72307d8) thrown at [C:\re\workspace\8-2-build-windows-amd64-cygwin\jdk8u221\13320\hotspot\src\share\vm\runtime\sharedRuntime.cpp, line 605]

Events (10 events):
Event: 8.055 loading class org/springframework/jdbc/support/DatabaseMetaDataCallback
Event: 8.055 loading class org/springframework/jdbc/support/DatabaseMetaDataCallback done
Event: 8.055 loading class org/springframework/jdbc/support/DatabaseMetaDataCallback
Event: 8.055 loading class org/springframework/jdbc/support/DatabaseMetaDataCallback done
Event: 8.056 loading class org/springframework/jdbc/datasource/DataSourceUtils
Event: 8.056 loading class org/springframework/jdbc/datasource/DataSourceUtils done
Event: 8.057 loading class org/springframework/transaction/support/TransactionSynchronization
Event: 8.057 loading class org/springframework/transaction/support/TransactionSynchronization done
Event: 8.058 loading class org/springframework/transaction/support/TransactionSynchronizationManager
Event: 8.058 loading class org/springframework/transaction/support/TransactionSynchronizationManager done


Dynamic libraries:
0x00007ff755670000 - 0x00007ff7556a7000 	C:\Program Files\Java\jre1.8.0_221\bin\javaw.exe
0x00007ff9b47f0000 - 0x00007ff9b49dd000 	C:\WINDOWS\SYSTEM32\ntdll.dll
0x00007ff9b1a10000 - 0x00007ff9b1ac3000 	C:\WINDOWS\System32\KERNEL32.DLL
0x00007ff9b0ca0000 - 0x00007ff9b0f33000 	C:\WINDOWS\System32\KERNELBASE.dll
0x00007ff9b2820000 - 0x00007ff9b28c3000 	C:\WINDOWS\System32\ADVAPI32.dll
0x00007ff9b2300000 - 0x00007ff9b239e000 	C:\WINDOWS\System32\msvcrt.dll
0x00007ff9b1ad0000 - 0x00007ff9b1b6e000 	C:\WINDOWS\System32\sechost.dll
0x00007ff9b26f0000 - 0x00007ff9b2812000 	C:\WINDOWS\System32\RPCRT4.dll
0x00007ff9b20d0000 - 0x00007ff9b2267000 	C:\WINDOWS\System32\USER32.dll
0x00007ff9b16f0000 - 0x00007ff9b1710000 	C:\WINDOWS\System32\win32u.dll
0x00007ff9b2600000 - 0x00007ff9b2629000 	C:\WINDOWS\System32\GDI32.dll
0x00007ff9b17c0000 - 0x00007ff9b1959000 	C:\WINDOWS\System32\gdi32full.dll
0x00007ff9b0c00000 - 0x00007ff9b0ca0000 	C:\WINDOWS\System32\msvcp_win.dll
0x00007ff9b0b00000 - 0x00007ff9b0bfa000 	C:\WINDOWS\System32\ucrtbase.dll
0x00007ff99ef40000 - 0x00007ff99f1b9000 	C:\WINDOWS\WinSxS\amd64_microsoft.windows.common-controls_6595b64144ccf1df_6.0.17763.973_none_05b245900721eb81\COMCTL32.dll
0x00007ff9b1b70000 - 0x00007ff9b1e9c000 	C:\WINDOWS\System32\combase.dll
0x00007ff9b1960000 - 0x00007ff9b19de000 	C:\WINDOWS\System32\bcryptPrimitives.dll
0x00007ff9b40a0000 - 0x00007ff9b40ce000 	C:\WINDOWS\System32\IMM32.DLL
0x00000000642f0000 - 0x00000000643c2000 	C:\Program Files\Java\jre1.8.0_221\bin\msvcr100.dll
0x0000000064970000 - 0x0000000065215000 	C:\Program Files\Java\jre1.8.0_221\bin\server\jvm.dll
0x00007ff9b4700000 - 0x00007ff9b4708000 	C:\WINDOWS\System32\PSAPI.DLL
0x00007ff9a8730000 - 0x00007ff9a8754000 	C:\WINDOWS\SYSTEM32\WINMM.dll
0x00007ff9ab430000 - 0x00007ff9ab43a000 	C:\WINDOWS\SYSTEM32\VERSION.dll
0x00007ff9a1df0000 - 0x00007ff9a1df9000 	C:\WINDOWS\SYSTEM32\WSOCK32.dll
0x00007ff9b23a0000 - 0x00007ff9b240d000 	C:\WINDOWS\System32\WS2_32.dll
0x00007ff9a8700000 - 0x00007ff9a872d000 	C:\WINDOWS\SYSTEM32\winmmbase.dll
0x00007ff9b0a90000 - 0x00007ff9b0ada000 	C:\WINDOWS\System32\cfgmgr32.dll
0x00007ff9a1c70000 - 0x00007ff9a1c7f000 	C:\Program Files\Java\jre1.8.0_221\bin\verify.dll
0x00007ff989470000 - 0x00007ff989499000 	C:\Program Files\Java\jre1.8.0_221\bin\java.dll
0x00007ff995850000 - 0x00007ff995866000 	C:\Program Files\Java\jre1.8.0_221\bin\zip.dll
0x00007ff9b2a30000 - 0x00007ff9b3f24000 	C:\WINDOWS\System32\SHELL32.dll
0x00007ff9b4710000 - 0x00007ff9b47b8000 	C:\WINDOWS\System32\shcore.dll
0x00007ff9b0f40000 - 0x00007ff9b168d000 	C:\WINDOWS\System32\windows.storage.dll
0x00007ff9b0880000 - 0x00007ff9b08a4000 	C:\WINDOWS\System32\profapi.dll
0x00007ff9b07e0000 - 0x00007ff9b083d000 	C:\WINDOWS\System32\powrprof.dll
0x00007ff9b2690000 - 0x00007ff9b26e2000 	C:\WINDOWS\System32\shlwapi.dll
0x00007ff9b0840000 - 0x00007ff9b0851000 	C:\WINDOWS\System32\kernel.appcore.dll
0x00007ff9b0ae0000 - 0x00007ff9b0af7000 	C:\WINDOWS\System32\cryptsp.dll
0x00007ff9a8620000 - 0x00007ff9a862d000 	C:\Program Files\Java\jre1.8.0_221\bin\management.dll
0x00007ff995560000 - 0x00007ff99557a000 	C:\Program Files\Java\jre1.8.0_221\bin\net.dll
0x00007ff9a3310000 - 0x00007ff9a34e7000 	C:\WINDOWS\SYSTEM32\urlmon.dll
0x00007ff9a23e0000 - 0x00007ff9a2688000 	C:\WINDOWS\SYSTEM32\iertutil.dll
0x00007ff9b0220000 - 0x00007ff9b022c000 	C:\WINDOWS\SYSTEM32\CRYPTBASE.DLL
0x00007ff9b0050000 - 0x00007ff9b00b7000 	C:\WINDOWS\system32\mswsock.dll
0x00007ff993fb0000 - 0x00007ff993fc6000 	C:\WINDOWS\system32\napinsp.dll
0x00007ff993f30000 - 0x00007ff993f4a000 	C:\WINDOWS\system32\pnrpnsp.dll
0x00007ff9afdb0000 - 0x00007ff9afe76000 	C:\WINDOWS\SYSTEM32\DNSAPI.dll
0x00007ff9b2270000 - 0x00007ff9b2278000 	C:\WINDOWS\System32\NSI.dll
0x00007ff9afd70000 - 0x00007ff9afdad000 	C:\WINDOWS\SYSTEM32\IPHLPAPI.DLL
0x00007ff993f20000 - 0x00007ff993f2e000 	C:\WINDOWS\System32\winrnr.dll
0x00007ff9ad2a0000 - 0x00007ff9ad2bb000 	C:\WINDOWS\system32\NLAapi.dll
0x00007ff9a9cf0000 - 0x00007ff9a9d05000 	C:\WINDOWS\system32\wshbth.dll
0x00007ff9a2f80000 - 0x00007ff9a2f8a000 	C:\Windows\System32\rasadhlp.dll
0x00007ff9a2ff0000 - 0x00007ff9a3069000 	C:\WINDOWS\System32\fwpuclnt.dll
0x00007ff9b19e0000 - 0x00007ff9b1a06000 	C:\WINDOWS\System32\bcrypt.dll
0x00007ff989d90000 - 0x00007ff989da2000 	C:\Program Files\Java\jre1.8.0_221\bin\nio.dll
0x0000000180000000 - 0x0000000180282000 	C:\Program Files\Apache\Tomcat-9.0.24\bin\tcnative-1.dll
0x00007ff9b08b0000 - 0x00007ff9b0a8c000 	C:\WINDOWS\System32\CRYPT32.dll
0x00007ff9b0860000 - 0x00007ff9b0872000 	C:\WINDOWS\System32\MSASN1.dll
0x00007ff9afbd0000 - 0x00007ff9afc03000 	C:\WINDOWS\system32\rsaenh.dll
0x00007ff9b06e0000 - 0x00007ff9b0708000 	C:\WINDOWS\SYSTEM32\USERENV.dll
0x00007ff9a8490000 - 0x00007ff9a84a6000 	C:\WINDOWS\SYSTEM32\dhcpcsvc6.DLL
0x00007ff9a8560000 - 0x00007ff9a857c000 	C:\WINDOWS\SYSTEM32\dhcpcsvc.DLL

VM Arguments:
jvm_args: -ea -Dfile.encoding=utf-8 
java_command: acme.Launcher --database:populate-sample
java_class_path (initial): C:\Users\Pablosky\git\DP1-S-D4\target\classes;C:\Users\Pablosky\.m2\repository\org\springframework\boot\spring-boot-starter-tomcat\2.1.7.RELEASE\spring-boot-starter-tomcat-2.1.7.RELEASE.jar;C:\Users\Pablosky\.m2\repository\javax\annotation\javax.annotation-api\1.3.2\javax.annotation-api-1.3.2.jar;C:\Users\Pablosky\.m2\repository\org\apache\tomcat\embed\tomcat-embed-core\9.0.22\tomcat-embed-core-9.0.22.jar;C:\Users\Pablosky\.m2\repository\org\apache\tomcat\embed\tomcat-embed-el\9.0.22\tomcat-embed-el-9.0.22.jar;C:\Users\Pablosky\.m2\repository\org\apache\tomcat\embed\tomcat-embed-websocket\9.0.22\tomcat-embed-websocket-9.0.22.jar;C:\Users\Pablosky\.m2\repository\org\apache\tomcat\embed\tomcat-embed-jasper\9.0.22\tomcat-embed-jasper-9.0.22.jar;C:\Users\Pablosky\.m2\repository\org\eclipse\jdt\ecj\3.18.0\ecj-3.18.0.jar;C:\Users\Pablosky\.m2\repository\javax\servlet\jstl\1.2\jstl-1.2.jar;C:\Users\Pablosky\.m2\repository\org\springframework\boot\spring-boot-starter-security\2.1.7.RELEASE\spring-boot-starter-security-2.1.7.RELEASE.jar;C:\Users\Pablosky\.m2\repository\org\springframework\boot\spring-boot-starter\2.1.7.RELEASE\spring-boot-starter-2.1.7.RELEASE.jar;C:\Users\Pablosky\.m2\repository\org\springframework\boot\spring-boot\2.1.7.RELEASE\spring-boot-2.1.7.RELEASE.jar;C:\Users\Pablosky\.m2\repository\org\springframework\boot\spring-boot-autoconfigure\2.1.7.RELEASE\spring-boot-autoconfigure-2.1.7.RELEASE.jar;C:\Users\Pablosky\.m2\repository\org\springframework\boot\spring-boot-starter-logging\2.1.7.RELEASE\spring-boot-starter-logging-2.1.7.RELEASE.jar;C:\Users\Pablosky\.m2\repository\ch\qos\logback\logback-classic\1.2.3\logback-classic-1.2.3.jar;C:\Users\Pablosky\.m2\repository\ch\qos\logback\logback-core\1.2.3\logback-core-1.2.3.jar;C:\Users\Pablosky\.m2\repository\org\apache\logging\log4j\log4j-to-slf4j\2.11.2\log4j-to-slf4j-2.11.2.jar;C:\Users\Pablosky\.m2\repository\org\apache\logging\log4j\log4j-api\2.11.2\log4j-api-2.11.2.jar;C:\User
Launcher Type: SUN_STANDARD

Environment Variables:
JAVA_HOME=C:\Program Files\Java\jdk1.8.0_201
JRE_HOME=C:\Program Files\Java\jre1.8.0_221
PATH=C:/Program Files/Java/jre1.8.0_221/bin/server;C:/Program Files/Java/jre1.8.0_221/bin;C:/Program Files/Java/jre1.8.0_221/lib/amd64;C:\Program Files\Apache\Maven-3.6.2\bin;C:\oraclexe\app\oracle\product\11.2.0\server\bin;C:\Program Files (x86)\Common Files\Oracle\Java\javapath;C:\Program Files (x86)\Intel\iCLS Client\;C:\Program Files\Intel\iCLS Client\;C:\WINDOWS\system32;C:\WINDOWS;C:\WINDOWS\System32\Wbem;C:\WINDOWS\System32\WindowsPowerShell\v1.0\;C:\WINDOWS\System32\OpenSSH\;C:\Program Files\TortoiseSVN\bin;C:\Program Files\Apache\Tomcat-9.0.24\bin;C:\Users\Pablosky\AppData\Local\Microsoft\WindowsApps;;C:\Users\Pablosky\AppData\Local\Programs\Microsoft VS Code\bin;C:\Program Files\Eclipse\Eclipse-2019-06\eclipse;
USERNAME=Pablosky
OS=Windows_NT
PROCESSOR_IDENTIFIER=Intel64 Family 6 Model 78 Stepping 3, GenuineIntel



---------------  S Y S T E M  ---------------

OS: Windows 10.0 , 64 bit Build 17763 (10.0.17763.475)

CPU:total 4 (initial active 4) (2 cores per cpu, 2 threads per core) family 6 model 78 stepping 3, cmov, cx8, fxsr, mmx, sse, sse2, sse3, ssse3, sse4.1, sse4.2, popcnt, avx, avx2, aes, clmul, erms, 3dnowpref, lzcnt, ht, tsc, tscinvbit, bmi1, bmi2, adx

Memory: 4k page, physical 8286144k(2470856k free), swap 9558884k(5280k free)

vm_info: Java HotSpot(TM) 64-Bit Server VM (25.221-b11) for windows-amd64 JRE (1.8.0_221-b11), built on Jul  4 2019 04:39:29 by "java_re" with MS VC++ 10.0 (VS2010)

time: Sat Aug 15 11:05:03 2020
timezone: Hora de verano romance
elapsed time: 8 seconds (0d 0h 0m 8s)

